{"C:\\Users\\seva 900katy\\4353-Project\\server\\routes\\matchingRoutes.js": {"path":"C:\\Users\\seva 900katy\\4353-Project\\server\\routes\\matchingRoutes.js","statementMap":{"0":{"start":{"line":1,"column":16},"end":{"line":1,"column":34}},"1":{"start":{"line":2,"column":15},"end":{"line":2,"column":31}},"2":{"start":{"line":5,"column":19},"end":{"line":8,"column":1}},"3":{"start":{"line":10,"column":15},"end":{"line":12,"column":1}},"4":{"start":{"line":16,"column":4},"end":{"line":19,"column":6}},"5":{"start":{"line":17,"column":8},"end":{"line":18,"column":45}},"6":{"start":{"line":17,"column":39},"end":{"line":17,"column":75}},"7":{"start":{"line":23,"column":0},"end":{"line":30,"column":3}},"8":{"start":{"line":24,"column":18},"end":{"line":24,"column":62}},"9":{"start":{"line":24,"column":35},"end":{"line":24,"column":61}},"10":{"start":{"line":25,"column":4},"end":{"line":27,"column":5}},"11":{"start":{"line":26,"column":8},"end":{"line":26,"column":68}},"12":{"start":{"line":28,"column":30},"end":{"line":28,"column":52}},"13":{"start":{"line":29,"column":4},"end":{"line":29,"column":43}},"14":{"start":{"line":32,"column":0},"end":{"line":32,"column":24}}},"fnMap":{"0":{"name":"matchVolunteers","decl":{"start":{"line":15,"column":9},"end":{"line":15,"column":24}},"loc":{"start":{"line":15,"column":32},"end":{"line":20,"column":1}},"line":15},"1":{"name":"(anonymous_1)","decl":{"start":{"line":16,"column":29},"end":{"line":16,"column":30}},"loc":{"start":{"line":17,"column":8},"end":{"line":18,"column":45}},"line":17},"2":{"name":"(anonymous_2)","decl":{"start":{"line":17,"column":30},"end":{"line":17,"column":31}},"loc":{"start":{"line":17,"column":39},"end":{"line":17,"column":75}},"line":17},"3":{"name":"(anonymous_3)","decl":{"start":{"line":23,"column":24},"end":{"line":23,"column":25}},"loc":{"start":{"line":23,"column":38},"end":{"line":30,"column":1}},"line":23},"4":{"name":"(anonymous_4)","decl":{"start":{"line":24,"column":30},"end":{"line":24,"column":31}},"loc":{"start":{"line":24,"column":35},"end":{"line":24,"column":61}},"line":24}},"branchMap":{"0":{"loc":{"start":{"line":17,"column":8},"end":{"line":18,"column":45}},"type":"binary-expr","locations":[{"start":{"line":17,"column":8},"end":{"line":17,"column":76}},{"start":{"line":18,"column":8},"end":{"line":18,"column":45}}],"line":17},"1":{"loc":{"start":{"line":25,"column":4},"end":{"line":27,"column":5}},"type":"if","locations":[{"start":{"line":25,"column":4},"end":{"line":27,"column":5}},{"start":{},"end":{}}],"line":25}},"s":{"0":1,"1":1,"2":1,"3":1,"4":1,"5":2,"6":4,"7":1,"8":2,"9":2,"10":2,"11":1,"12":1,"13":1,"14":1},"f":{"0":1,"1":2,"2":4,"3":2,"4":2},"b":{"0":[2,2],"1":[1,1]},"_coverageSchema":"1a1c01bbd47fc00a2c39e90264f33305004495a9","hash":"6157db5cd36b678d6537a46e7ee8fd6aac8d2087"}
}
